<?xml version="1.0" encoding="UTF-8"?>
<!-- Generated by org.testng.reporters.JUnitReportReporter -->
<testsuite hostname="DESKTOP-RGL4EEL" failures="0" tests="1" name="Logpackage.Logclass" time="0.791" errors="0" timestamp="2022-12-20T20:34:51 EST" skipped="0">
  <testcase classname="Logpackage.Logclass" name="TestLog" time="0.791"/>
  <system-out/>
</testsuite> <!-- Logpackage.Logclass -->
