<?xml version="1.0" encoding="UTF-8"?>
<!-- Generated by org.testng.reporters.JUnitReportReporter -->
<testsuite hostname="DESKTOP-RGL4EEL" failures="0" tests="1" name="weblocator.PrintingHospassignment" time="5.383" errors="0" timestamp="2023-01-08T15:32:32 EST" skipped="0">
  <testcase classname="weblocator.PrintingHospassignment" name="PrintHospNames" time="5.383"/>
  <system-out/>
</testsuite> <!-- weblocator.PrintingHospassignment -->
