<?xml version="1.0" encoding="UTF-8"?>
<!-- Generated by org.testng.reporters.JUnitReportReporter -->
<testsuite hostname="DESKTOP-RGL4EEL" failures="0" tests="1" name="TestSuite1.Module1" time="0.012" errors="0" timestamp="2022-12-19T14:30:56 EST" skipped="0">
  <testcase classname="TestSuite1.Module1" name="test001" time="0.012"/>
  <system-out/>
</testsuite> <!-- TestSuite1.Module1 -->
