<?xml version="1.0" encoding="UTF-8"?>
<!-- Generated by org.testng.reporters.JUnitReportReporter -->
<testsuite hostname="DESKTOP-RGL4EEL" failures="0" tests="2" name="TestSuite1.Module2" time="0.002" errors="0" timestamp="2022-12-19T14:30:56 EST" skipped="0">
  <testcase classname="TestSuite1.Module2" name="test002" time="0.001"/>
  <system-out/>
  <testcase classname="TestSuite1.Module2" name="test003" time="0.001"/>
  <system-out/>
</testsuite> <!-- TestSuite1.Module2 -->
