<?xml version="1.0" encoding="UTF-8"?>
<!-- Generated by org.testng.reporters.JUnitReportReporter -->
<testsuite hostname="DESKTOP-RGL4EEL" failures="0" tests="3" name="Tests.PutPatchDeleteExample" time="4.601" errors="0" timestamp="2023-01-08T23:29:12 EST" skipped="0">
  <testcase classname="Tests.PutPatchDeleteExample" name="DeleteTest" time="3.294"/>
  <system-out/>
  <testcase classname="Tests.PutPatchDeleteExample" name="PatchTest" time="0.830"/>
  <system-out/>
  <testcase classname="Tests.PutPatchDeleteExample" name="PutTest" time="0.477"/>
  <system-out/>
</testsuite> <!-- Tests.PutPatchDeleteExample -->
