<?xml version="1.0" encoding="UTF-8"?>
<!-- Generated by org.testng.reporters.JUnitReportReporter -->
<testsuite hostname="DESKTOP-RGL4EEL" failures="0" tests="2" name="Tests.GetPostExample" time="4.903" errors="0" timestamp="2023-01-15T03:25:54 EST" skipped="0">
  <testcase classname="Tests.GetPostExample" name="GetTest" time="4.356"/>
  <system-out/>
  <testcase classname="Tests.GetPostExample" name="PostTest" time="0.547"/>
  <system-out/>
</testsuite> <!-- Tests.GetPostExample -->
