<?xml version="1.0" encoding="UTF-8"?>
<!-- Generated by org.testng.reporters.JUnitReportReporter -->
<testsuite hostname="DESKTOP-RGL4EEL" failures="0" tests="3" name="Tests.PutPatchDeleteExample" time="3.995" errors="0" timestamp="2023-01-12T09:55:15 EST" skipped="0">
  <testcase classname="Tests.PutPatchDeleteExample" name="DeleteTest" time="3.213"/>
  <system-out/>
  <testcase classname="Tests.PutPatchDeleteExample" name="PatchTest" time="0.420"/>
  <system-out/>
  <testcase classname="Tests.PutPatchDeleteExample" name="PutTest" time="0.362"/>
  <system-out/>
</testsuite> <!-- Tests.PutPatchDeleteExample -->
