<?xml version="1.0" encoding="UTF-8"?>
<!-- Generated by org.testng.reporters.JUnitReportReporter -->
<testsuite hostname="DESKTOP-RGL4EEL" failures="0" tests="1" name="Tests.GetPostExample" time="2.010" errors="0" timestamp="2023-01-15T01:16:16 EST" skipped="0">
  <testcase classname="Tests.GetPostExample" name="GetTest" time="2.010"/>
  <system-out/>
</testsuite> <!-- Tests.GetPostExample -->
