<?xml version="1.0" encoding="UTF-8"?>
<!-- Generated by org.testng.reporters.JUnitReportReporter -->
<testsuite hostname="DESKTOP-RGL4EEL" failures="0" tests="1" name="GetandPost.GetPostExample" time="3.014" errors="0" timestamp="2023-01-08T22:45:44 EST" skipped="0">
  <testcase classname="GetandPost.GetPostExample" name="PostTest" time="3.014"/>
  <system-out/>
</testsuite> <!-- GetandPost.GetPostExample -->
