<?xml version="1.0" encoding="UTF-8"?>
<!-- Generated by org.testng.reporters.JUnitReportReporter -->
<testsuite hostname="DESKTOP-RGL4EEL" failures="0" tests="1" name="Runner.Testrunner" time="20.315" errors="0" timestamp="2023-01-05T00:12:13 EST" skipped="0">
  <testcase classname="Runner.Testrunner" name="runScenario" time="20.315"/>
  <system-out/>
</testsuite> <!-- Runner.Testrunner -->
